<?xml version="1.0" encoding="UTF-8"?>
<testsuite xmlns:xsi="http://www.w3.org/2001/XMLSchema-instance" xsi:noNamespaceSchemaLocation="https://maven.apache.org/surefire/maven-surefire-plugin/xsd/surefire-test-report.xsd" name="com.octopusgroup.cucumber.CukeTest" time="87.593" tests="24" errors="4" skipped="0" failures="0">
  <properties>
[...]
</properties>
  <testcase name="Given User is on the Insight page" classname="Scenario: User can see the header Insight when navigates to Insight page" time="0"/>
  <testcase name="Then User can see the heading &quot;Insights&quot;" classname="Scenario: User can see the header Insight when navigates to Insight page" time="0"/>
  <testcase name="Scenario: User can see the header Insight when navigates to Insight page" classname="Scenario: User can see the header Insight when navigates to Insight page" time="1.04"/>
  <testcase name="Given User is on the Insight page" classname="Scenario: User can navigate to various business type successfully" time="0.004"/>
  <testcase name="When User clicks on filter by business and selects the business type using value &quot;octopus-energy&quot;" classname="Scenario: User can navigate to various business type successfully" time="0"/>
  <testcase name="Then User can see the results filtered by Octopus Energy and see the text &quot;Octopus Energy&quot; displayed in the results" classname="Scenario: User can navigate to various business type successfully" time="0"/>
  <testcase name="Scenario: User can navigate to various business type successfully" classname="Scenario: User can navigate to various business type successfully" time="0.681"/>
  <testcase name="Given User is on the Insight page" classname="Scenario: User can navigate to CEO&apos;s blog page successfully" time="0"/>
  <testcase name="When User clicks on the blog link" classname="Scenario: User can navigate to CEO&apos;s blog page successfully" time="0"/>
  <testcase name="Then User successfully navigate to blog page and verifies the text&quot;Simon says&quot;" classname="Scenario: User can navigate to CEO&apos;s blog page successfully" time="0.009">
    <error message="no such element: Unable to locate element: {&quot;method&quot;:&quot;xpath&quot;,&quot;selector&quot;:&quot;//h1[contains(text(),&apos;Simon says&apos;)]&quot;}&#10;  (Session info: chrome=84.0.4147.125)&#10;For documentation on this error, please visit: https://www.seleniumhq.org/exceptions/no_such_element.html&#10;Build info: version: &apos;3.141.59&apos;, revision: &apos;e82be7d358&apos;, time: &apos;2018-11-14T08:17:03&apos;&#10;System info: host: &apos;DESKTOP-U7IA4UC&apos;, ip: &apos;192.168.0.22&apos;, os.name: &apos;Windows 10&apos;, os.arch: &apos;amd64&apos;, os.version: &apos;10.0&apos;, java.version: &apos;1.8.0_121&apos;&#10;Driver info: org.openqa.selenium.chrome.ChromeDriver&#10;Capabilities {acceptInsecureCerts: false, browserName: chrome, browserVersion: 84.0.4147.125, chrome: {chromedriverVersion: 83.0.4103.39 (ccbf011cb2d2b..., userDataDir: C:\Users\mehul\AppData\Loca...}, goog:chromeOptions: {debuggerAddress: localhost:54012}, javascriptEnabled: true, networkConnectionEnabled: false, pageLoadStrategy: normal, platform: WINDOWS, platformName: WINDOWS, proxy: Proxy(), setWindowRect: true, strictFileInteractability: false, timeouts: {implicit: 0, pageLoad: 300000, script: 30000}, unhandledPromptBehavior: dismiss and notify, webauthn:virtualAuthenticators: true}&#10;Session ID: 088456d2b26151599f45cb436f3acb98&#10;*** Element info: {Using=xpath, value=//h1[contains(text(),&apos;Simon says&apos;)]}" type="org.openqa.selenium.NoSuchElementException">org.openqa.selenium.NoSuchElementException: 
no such element: Unable to locate element: {"method":"xpath","selector":"//h1[contains(text(),'Simon says')]"}
  (Session info: chrome=84.0.4147.125)
For documentation on this error, please visit: https://www.seleniumhq.org/exceptions/no_such_element.html
Build info: version: '3.141.59', revision: 'e82be7d358', time: '2018-11-14T08:17:03'
System info: host: 'DESKTOP-U7IA4UC', ip: '192.168.0.22', os.name: 'Windows 10', os.arch: 'amd64', os.version: '10.0', java.version: '1.8.0_121'
Driver info: org.openqa.selenium.chrome.ChromeDriver
Capabilities {acceptInsecureCerts: false, browserName: chrome, browserVersion: 84.0.4147.125, chrome: {chromedriverVersion: 83.0.4103.39 (ccbf011cb2d2b..., userDataDir: C:\Users\mehul\AppData\Loca...}, goog:chromeOptions: {debuggerAddress: localhost:54012}, javascriptEnabled: true, networkConnectionEnabled: false, pageLoadStrategy: normal, platform: WINDOWS, platformName: WINDOWS, proxy: Proxy(), setWindowRect: true, strictFileInteractability: false, timeouts: {implicit: 0, pageLoad: 300000, script: 30000}, unhandledPromptBehavior: dismiss and notify, webauthn:virtualAuthenticators: true}
Session ID: 088456d2b26151599f45cb436f3acb98
*** Element info: {Using=xpath, value=//h1[contains(text(),'Simon says')]}
</error>
  </testcase>
  <testcase name="Scenario: User can navigate to CEO&apos;s blog page successfully" classname="Scenario: User can navigate to CEO&apos;s blog page successfully" time="0.009">
    <error message="no such element: Unable to locate element: {&quot;method&quot;:&quot;xpath&quot;,&quot;selector&quot;:&quot;//h1[contains(text(),&apos;Simon says&apos;)]&quot;}&#10;  (Session info: chrome=84.0.4147.125)&#10;For documentation on this error, please visit: https://www.seleniumhq.org/exceptions/no_such_element.html&#10;Build info: version: &apos;3.141.59&apos;, revision: &apos;e82be7d358&apos;, time: &apos;2018-11-14T08:17:03&apos;&#10;System info: host: &apos;DESKTOP-U7IA4UC&apos;, ip: &apos;192.168.0.22&apos;, os.name: &apos;Windows 10&apos;, os.arch: &apos;amd64&apos;, os.version: &apos;10.0&apos;, java.version: &apos;1.8.0_121&apos;&#10;Driver info: org.openqa.selenium.chrome.ChromeDriver&#10;Capabilities {acceptInsecureCerts: false, browserName: chrome, browserVersion: 84.0.4147.125, chrome: {chromedriverVersion: 83.0.4103.39 (ccbf011cb2d2b..., userDataDir: C:\Users\mehul\AppData\Loca...}, goog:chromeOptions: {debuggerAddress: localhost:54012}, javascriptEnabled: true, networkConnectionEnabled: false, pageLoadStrategy: normal, platform: WINDOWS, platformName: WINDOWS, proxy: Proxy(), setWindowRect: true, strictFileInteractability: false, timeouts: {implicit: 0, pageLoad: 300000, script: 30000}, unhandledPromptBehavior: dismiss and notify, webauthn:virtualAuthenticators: true}&#10;Session ID: 088456d2b26151599f45cb436f3acb98&#10;*** Element info: {Using=xpath, value=//h1[contains(text(),&apos;Simon says&apos;)]}" type="org.openqa.selenium.NoSuchElementException">org.openqa.selenium.NoSuchElementException: 
no such element: Unable to locate element: {"method":"xpath","selector":"//h1[contains(text(),'Simon says')]"}
  (Session info: chrome=84.0.4147.125)
For documentation on this error, please visit: https://www.seleniumhq.org/exceptions/no_such_element.html
Build info: version: '3.141.59', revision: 'e82be7d358', time: '2018-11-14T08:17:03'
System info: host: 'DESKTOP-U7IA4UC', ip: '192.168.0.22', os.name: 'Windows 10', os.arch: 'amd64', os.version: '10.0', java.version: '1.8.0_121'
Driver info: org.openqa.selenium.chrome.ChromeDriver
Capabilities {acceptInsecureCerts: false, browserName: chrome, browserVersion: 84.0.4147.125, chrome: {chromedriverVersion: 83.0.4103.39 (ccbf011cb2d2b..., userDataDir: C:\Users\mehul\AppData\Loca...}, goog:chromeOptions: {debuggerAddress: localhost:54012}, javascriptEnabled: true, networkConnectionEnabled: false, pageLoadStrategy: normal, platform: WINDOWS, platformName: WINDOWS, proxy: Proxy(), setWindowRect: true, strictFileInteractability: false, timeouts: {implicit: 0, pageLoad: 300000, script: 30000}, unhandledPromptBehavior: dismiss and notify, webauthn:virtualAuthenticators: true}
Session ID: 088456d2b26151599f45cb436f3acb98
*** Element info: {Using=xpath, value=//h1[contains(text(),'Simon says')]}
</error>
  </testcase>
  <testcase name="Given User is on the Insight page" classname="Scenario: User can search in the search bar" time="0.001"/>
  <testcase name="When User clicks on the search link" classname="Scenario: User can search in the search bar" time="0"/>
  <testcase name="And User enters the text to search for &quot;Octopus Real estate&quot;" classname="Scenario: User can search in the search bar" time="0"/>
  <testcase name="Then User can see search results and sees the text displayed &quot;&quot;" classname="Scenario: User can search in the search bar" time="0"/>
  <testcase name="Scenario: User can search in the search bar" classname="Scenario: User can search in the search bar" time="0.647"/>
  <testcase name="Given User is on the Insight page" classname="Scenario: User can access the full article by clicking on read more tab" time="0"/>
  <testcase name="When User clicks on read more tab" classname="Scenario: User can access the full article by clicking on read more tab" time="0"/>
  <testcase name="Then User is navigating to the page with complete article and sees the heading &quot;Octopus calls for a nation of entrepreneurs to rebuild UK economy&quot;" classname="Scenario: User can access the full article by clicking on read more tab" time="0.004">
    <error message="no such element: Unable to locate element: {&quot;method&quot;:&quot;xpath&quot;,&quot;selector&quot;:&quot;//section[@class=&apos;section section--no-spacing&apos;]//h3[@class=&apos;card-itemTitle&apos;]//a&quot;}&#10;  (Session info: chrome=84.0.4147.125)&#10;For documentation on this error, please visit: https://www.seleniumhq.org/exceptions/no_such_element.html&#10;Build info: version: &apos;3.141.59&apos;, revision: &apos;e82be7d358&apos;, time: &apos;2018-11-14T08:17:03&apos;&#10;System info: host: &apos;DESKTOP-U7IA4UC&apos;, ip: &apos;192.168.0.22&apos;, os.name: &apos;Windows 10&apos;, os.arch: &apos;amd64&apos;, os.version: &apos;10.0&apos;, java.version: &apos;1.8.0_121&apos;&#10;Driver info: org.openqa.selenium.chrome.ChromeDriver&#10;Capabilities {acceptInsecureCerts: false, browserName: chrome, browserVersion: 84.0.4147.125, chrome: {chromedriverVersion: 83.0.4103.39 (ccbf011cb2d2b..., userDataDir: C:\Users\mehul\AppData\Loca...}, goog:chromeOptions: {debuggerAddress: localhost:54123}, javascriptEnabled: true, networkConnectionEnabled: false, pageLoadStrategy: normal, platform: WINDOWS, platformName: WINDOWS, proxy: Proxy(), setWindowRect: true, strictFileInteractability: false, timeouts: {implicit: 0, pageLoad: 300000, script: 30000}, unhandledPromptBehavior: dismiss and notify, webauthn:virtualAuthenticators: true}&#10;Session ID: e7268b82a65bbf2bed0157325a407b65&#10;*** Element info: {Using=xpath, value=//section[@class=&apos;section section--no-spacing&apos;]//h3[@class=&apos;card-itemTitle&apos;]//a}" type="org.openqa.selenium.NoSuchElementException">org.openqa.selenium.NoSuchElementException: 
no such element: Unable to locate element: {"method":"xpath","selector":"//section[@class='section section--no-spacing']//h3[@class='card-itemTitle']//a"}
  (Session info: chrome=84.0.4147.125)
For documentation on this error, please visit: https://www.seleniumhq.org/exceptions/no_such_element.html
Build info: version: '3.141.59', revision: 'e82be7d358', time: '2018-11-14T08:17:03'
System info: host: 'DESKTOP-U7IA4UC', ip: '192.168.0.22', os.name: 'Windows 10', os.arch: 'amd64', os.version: '10.0', java.version: '1.8.0_121'
Driver info: org.openqa.selenium.chrome.ChromeDriver
Capabilities {acceptInsecureCerts: false, browserName: chrome, browserVersion: 84.0.4147.125, chrome: {chromedriverVersion: 83.0.4103.39 (ccbf011cb2d2b..., userDataDir: C:\Users\mehul\AppData\Loca...}, goog:chromeOptions: {debuggerAddress: localhost:54123}, javascriptEnabled: true, networkConnectionEnabled: false, pageLoadStrategy: normal, platform: WINDOWS, platformName: WINDOWS, proxy: Proxy(), setWindowRect: true, strictFileInteractability: false, timeouts: {implicit: 0, pageLoad: 300000, script: 30000}, unhandledPromptBehavior: dismiss and notify, webauthn:virtualAuthenticators: true}
Session ID: e7268b82a65bbf2bed0157325a407b65
*** Element info: {Using=xpath, value=//section[@class='section section--no-spacing']//h3[@class='card-itemTitle']//a}
</error>
  </testcase>
  <testcase name="Scenario: User can access the full article by clicking on read more tab" classname="Scenario: User can access the full article by clicking on read more tab" time="0.008">
    <error message="no such element: Unable to locate element: {&quot;method&quot;:&quot;xpath&quot;,&quot;selector&quot;:&quot;//section[@class=&apos;section section--no-spacing&apos;]//h3[@class=&apos;card-itemTitle&apos;]//a&quot;}&#10;  (Session info: chrome=84.0.4147.125)&#10;For documentation on this error, please visit: https://www.seleniumhq.org/exceptions/no_such_element.html&#10;Build info: version: &apos;3.141.59&apos;, revision: &apos;e82be7d358&apos;, time: &apos;2018-11-14T08:17:03&apos;&#10;System info: host: &apos;DESKTOP-U7IA4UC&apos;, ip: &apos;192.168.0.22&apos;, os.name: &apos;Windows 10&apos;, os.arch: &apos;amd64&apos;, os.version: &apos;10.0&apos;, java.version: &apos;1.8.0_121&apos;&#10;Driver info: org.openqa.selenium.chrome.ChromeDriver&#10;Capabilities {acceptInsecureCerts: false, browserName: chrome, browserVersion: 84.0.4147.125, chrome: {chromedriverVersion: 83.0.4103.39 (ccbf011cb2d2b..., userDataDir: C:\Users\mehul\AppData\Loca...}, goog:chromeOptions: {debuggerAddress: localhost:54123}, javascriptEnabled: true, networkConnectionEnabled: false, pageLoadStrategy: normal, platform: WINDOWS, platformName: WINDOWS, proxy: Proxy(), setWindowRect: true, strictFileInteractability: false, timeouts: {implicit: 0, pageLoad: 300000, script: 30000}, unhandledPromptBehavior: dismiss and notify, webauthn:virtualAuthenticators: true}&#10;Session ID: e7268b82a65bbf2bed0157325a407b65&#10;*** Element info: {Using=xpath, value=//section[@class=&apos;section section--no-spacing&apos;]//h3[@class=&apos;card-itemTitle&apos;]//a}" type="org.openqa.selenium.NoSuchElementException">org.openqa.selenium.NoSuchElementException: 
no such element: Unable to locate element: {"method":"xpath","selector":"//section[@class='section section--no-spacing']//h3[@class='card-itemTitle']//a"}
  (Session info: chrome=84.0.4147.125)
For documentation on this error, please visit: https://www.seleniumhq.org/exceptions/no_such_element.html
Build info: version: '3.141.59', revision: 'e82be7d358', time: '2018-11-14T08:17:03'
System info: host: 'DESKTOP-U7IA4UC', ip: '192.168.0.22', os.name: 'Windows 10', os.arch: 'amd64', os.version: '10.0', java.version: '1.8.0_121'
Driver info: org.openqa.selenium.chrome.ChromeDriver
Capabilities {acceptInsecureCerts: false, browserName: chrome, browserVersion: 84.0.4147.125, chrome: {chromedriverVersion: 83.0.4103.39 (ccbf011cb2d2b..., userDataDir: C:\Users\mehul\AppData\Loca...}, goog:chromeOptions: {debuggerAddress: localhost:54123}, javascriptEnabled: true, networkConnectionEnabled: false, pageLoadStrategy: normal, platform: WINDOWS, platformName: WINDOWS, proxy: Proxy(), setWindowRect: true, strictFileInteractability: false, timeouts: {implicit: 0, pageLoad: 300000, script: 30000}, unhandledPromptBehavior: dismiss and notify, webauthn:virtualAuthenticators: true}
Session ID: e7268b82a65bbf2bed0157325a407b65
*** Element info: {Using=xpath, value=//section[@class='section section--no-spacing']//h3[@class='card-itemTitle']//a}
</error>
  </testcase>
  <testcase name="Given User is on the Insight page" classname="Scenario: User can click on feedback tab and see the various option to sent" time="0"/>
  <testcase name="When User clicks on feedback tab" classname="Scenario: User can click on feedback tab and see the various option to sent" time="0.001"/>
  <testcase name="Then User is able to see some text&quot;Not using Hotjar yet?&quot;" classname="Scenario: User can click on feedback tab and see the various option to sent" time="0"/>
  <testcase name="Scenario: User can click on feedback tab and see the various option to sent" classname="Scenario: User can click on feedback tab and see the various option to sent" time="0.933"/>
</testsuite>